D:\ARCHIVOS\DOCUMENTOS\DOCUMENTOS DE YAMI\TALLER DE PROGRAMACIóN I\DEDICATED SERVER\DEBUG\MODEL.LIB
D:\ARCHIVOS\DOCUMENTOS\DOCUMENTOS DE YAMI\TALLER DE PROGRAMACIóN I\DEDICATED SERVER\MODEL\DEBUG\ANIMATEDENTITY.OBJ
D:\ARCHIVOS\DOCUMENTOS\DOCUMENTOS DE YAMI\TALLER DE PROGRAMACIóN I\DEDICATED SERVER\MODEL\DEBUG\CHARACTERVISION.OBJ
D:\ARCHIVOS\DOCUMENTOS\DOCUMENTOS DE YAMI\TALLER DE PROGRAMACIóN I\DEDICATED SERVER\MODEL\DEBUG\CIRCLE.OBJ
D:\Archivos\Documentos\Documentos de Yami\Taller de Programación I\Dedicated Server\Model\Debug\cl.command.1.tlog
D:\Archivos\Documentos\Documentos de Yami\Taller de Programación I\Dedicated Server\Model\Debug\CL.read.1.tlog
D:\Archivos\Documentos\Documentos de Yami\Taller de Programación I\Dedicated Server\Model\Debug\CL.write.1.tlog
D:\ARCHIVOS\DOCUMENTOS\DOCUMENTOS DE YAMI\TALLER DE PROGRAMACIóN I\DEDICATED SERVER\MODEL\DEBUG\CONFIGURATION.OBJ
D:\ARCHIVOS\DOCUMENTOS\DOCUMENTOS DE YAMI\TALLER DE PROGRAMACIóN I\DEDICATED SERVER\MODEL\DEBUG\ENTITYOBJECT.OBJ
D:\ARCHIVOS\DOCUMENTOS\DOCUMENTOS DE YAMI\TALLER DE PROGRAMACIóN I\DEDICATED SERVER\MODEL\DEBUG\GAME.OBJ
D:\Archivos\Documentos\Documentos de Yami\Taller de Programación I\Dedicated Server\Model\Debug\lib.command.1.tlog
D:\Archivos\Documentos\Documentos de Yami\Taller de Programación I\Dedicated Server\Model\Debug\Lib-link.read.1.tlog
D:\Archivos\Documentos\Documentos de Yami\Taller de Programación I\Dedicated Server\Model\Debug\Lib-link.write.1.tlog
D:\ARCHIVOS\DOCUMENTOS\DOCUMENTOS DE YAMI\TALLER DE PROGRAMACIóN I\DEDICATED SERVER\MODEL\DEBUG\LISTAPATH.OBJ
D:\Archivos\Documentos\Documentos de Yami\Taller de Programación I\Dedicated Server\Model\Debug\Model.write.1.tlog
D:\ARCHIVOS\DOCUMENTOS\DOCUMENTOS DE YAMI\TALLER DE PROGRAMACIóN I\DEDICATED SERVER\MODEL\DEBUG\NODO.OBJ
D:\ARCHIVOS\DOCUMENTOS\DOCUMENTOS DE YAMI\TALLER DE PROGRAMACIóN I\DEDICATED SERVER\MODEL\DEBUG\PAR.OBJ
D:\ARCHIVOS\DOCUMENTOS\DOCUMENTOS DE YAMI\TALLER DE PROGRAMACIóN I\DEDICATED SERVER\MODEL\DEBUG\PATHFINDER.OBJ
D:\ARCHIVOS\DOCUMENTOS\DOCUMENTOS DE YAMI\TALLER DE PROGRAMACIóN I\DEDICATED SERVER\MODEL\DEBUG\PERSONAJEMODELO.OBJ
D:\ARCHIVOS\DOCUMENTOS\DOCUMENTOS DE YAMI\TALLER DE PROGRAMACIóN I\DEDICATED SERVER\MODEL\DEBUG\PLAYER.OBJ
D:\Archivos\Documentos\Documentos de Yami\Taller de Programación I\Dedicated Server\Model\Debug\ResolveAssemblyReference.cache
D:\ARCHIVOS\DOCUMENTOS\DOCUMENTOS DE YAMI\TALLER DE PROGRAMACIóN I\DEDICATED SERVER\MODEL\DEBUG\STAGEMODEL.OBJ
D:\ARCHIVOS\DOCUMENTOS\DOCUMENTOS DE YAMI\TALLER DE PROGRAMACIóN I\DEDICATED SERVER\MODEL\DEBUG\TILEMODEL.OBJ
D:\Archivos\Documentos\Documentos de Yami\Taller de Programación I\Dedicated Server\Model\Debug\vc100.idb
D:\ARCHIVOS\DOCUMENTOS\DOCUMENTOS DE YAMI\TALLER DE PROGRAMACIÓN I\DEDICATED SERVER\MODEL\DEBUG\VC100.PDB
D:\ARCHIVOS\DOCUMENTOS\DOCUMENTOS DE YAMI\TALLER DE PROGRAMACIóN I\DEDICATED SERVER\MODEL\DEBUG\YAMLPARSER.OBJ
