Compilación iniciada a las 13/05/2013 02:44:13 a.m..
     1>Proyecto "D:\Archivos\Documentos\Documentos de Yami\Taller de Programación I\Dedicated Server\Model\Model.vcxproj" en el nodo 3 (build destinos).
     1>InitializeBuildStatus:
         Se creará "Debug\Model.unsuccessfulbuild" porque se especificó "AlwaysCreate".
       ClCompile:
         C:\Program Files\Microsoft Visual Studio 10.0\VC\bin\CL.exe /c /I..\Libraries /I..\Common /Zi /nologo /W3 /WX- /Od /Ob0 /Oy- /D _MBCS /Gm /EHsc /MD /GS /fp:precise /Zc:wchar_t /Zc:forScope /Fo"Debug\\" /Fd"Debug\vc100.pdb" /Gd /TP /analyze- /errorReport:prompt StageModel.cpp TileModel.cpp YAMLParser.cpp
         StageModel.cpp
         Generando código...
         Compilando...
         YAMLParser.cpp
         TileModel.cpp
         Generando código...
       Lib:
         C:\Program Files\Microsoft Visual Studio 10.0\VC\bin\Lib.exe /OUT:"D:\Archivos\Documentos\Documentos de Yami\Taller de Programación I\Dedicated Server\Debug\Model.lib" /NOLOGO Debug\AnimatedEntity.obj
         Debug\CharacterVision.obj
         Debug\Circle.obj
         Debug\Configuration.obj
         Debug\EntityObject.obj
         Debug\Game.obj
         Debug\ListaPath.obj
         Debug\Nodo.obj
         Debug\Par.obj
         Debug\Pathfinder.obj
         Debug\PersonajeModelo.obj
         Debug\Player.obj
         Debug\StageModel.obj
         Debug\TileModel.obj
         Debug\YAMLParser.obj
         Model.vcxproj -> D:\Archivos\Documentos\Documentos de Yami\Taller de Programación I\Dedicated Server\Debug\Model.lib
       FinalizeBuildStatus:
         Se eliminará el archivo "Debug\Model.unsuccessfulbuild".
         Aplicando tarea Touch a "Debug\Model.lastbuildstate".
     1>Compilación del proyecto terminada "D:\Archivos\Documentos\Documentos de Yami\Taller de Programación I\Dedicated Server\Model\Model.vcxproj" (build destinos).

Compilación correcta.

Tiempo transcurrido 00:00:05.81
